<?xml version="1.0" encoding="UTF-8"?>
<testng-results ignored="0" total="1" passed="1" failed="0" skipped="0">
  <reporter-output>
  </reporter-output>
  <suite started-at="2022-06-07T14:00:40 IST" name="Suite" finished-at="2022-06-07T14:01:23 IST" duration-ms="42804">
    <groups>
    </groups>
    <test started-at="2022-06-07T14:00:40 IST" name="Test" finished-at="2022-06-07T14:01:23 IST" duration-ms="42804">
      <class name="testngReadDataFromXML.ActiTimeLogin">
        <test-method signature="actiTimeLogin(java.lang.String,java.lang.String,java.lang.String,java.lang.String)[pri:0, instance:testngReadDataFromXML.ActiTimeLogin@2cd2a21f]" started-at="2022-06-07T14:00:41 IST" name="actiTimeLogin" finished-at="2022-06-07T14:01:23 IST" duration-ms="42662" status="PASS">
          <params>
            <param index="0">
              <value>
                <![CDATA[chrome]]>
              </value>
            </param>
            <param index="1">
              <value>
                <![CDATA[http://admin-pc:8080/login.do]]>
              </value>
            </param>
            <param index="2">
              <value>
                <![CDATA[admin]]>
              </value>
            </param>
            <param index="3">
              <value>
                <![CDATA[admin]]>
              </value>
            </param>
          </params>
          <reporter-output>
          </reporter-output>
        </test-method> <!-- actiTimeLogin -->
      </class> <!-- testngReadDataFromXML.ActiTimeLogin -->
    </test> <!-- Test -->
  </suite> <!-- Suite -->
</testng-results>
