<?xml version="1.0" encoding="UTF-8"?>
<testng-results ignored="0" total="3" passed="3" failed="0" skipped="0">
  <reporter-output>
    <line>
      <![CDATA[sumo class method]]>
    </line>
    <line>
      <![CDATA[Remo class method]]>
    </line>
    <line>
      <![CDATA[demo class method]]>
    </line>
  </reporter-output>
  <suite started-at="2022-06-06T17:36:04 IST" name="Suite" finished-at="2022-06-06T17:36:04 IST" duration-ms="168">
    <groups>
    </groups>
    <test started-at="2022-06-06T17:36:04 IST" name="Test" finished-at="2022-06-06T17:36:04 IST" duration-ms="168">
      <class name="testngpack.Sumo">
        <test-method signature="f()[pri:0, instance:testngpack.Sumo@65f095f8]" started-at="2022-06-06T17:36:04 IST" name="f" finished-at="2022-06-06T17:36:04 IST" duration-ms="28" status="PASS">
          <reporter-output>
            <line>
              <![CDATA[sumo class method]]>
            </line>
          </reporter-output>
        </test-method> <!-- f -->
      </class> <!-- testngpack.Sumo -->
      <class name="testngpack.Remo">
        <test-method signature="f()[pri:0, instance:testngpack.Remo@41fecb8b]" started-at="2022-06-06T17:36:04 IST" name="f" finished-at="2022-06-06T17:36:04 IST" duration-ms="23" status="PASS">
          <reporter-output>
            <line>
              <![CDATA[Remo class method]]>
            </line>
          </reporter-output>
        </test-method> <!-- f -->
      </class> <!-- testngpack.Remo -->
      <class name="testngpack.Demo">
        <test-method signature="a()[pri:0, instance:testngpack.Demo@120f102b]" started-at="2022-06-06T17:36:04 IST" name="a" finished-at="2022-06-06T17:36:04 IST" duration-ms="3" status="PASS">
          <reporter-output>
            <line>
              <![CDATA[demo class method]]>
            </line>
          </reporter-output>
        </test-method> <!-- a -->
      </class> <!-- testngpack.Demo -->
    </test> <!-- Test -->
  </suite> <!-- Suite -->
</testng-results>
